c:\users\joann\documents\github\cse_687\project_3\x64\debug\vc143.pdb
c:\users\joann\documents\github\cse_687\project_3\x64\debug\vc143.idb
c:\users\joann\documents\github\cse_687\project_3\x64\debug\workflow.obj
c:\users\joann\documents\github\cse_687\project_3\x64\debug\sorter.obj
c:\users\joann\documents\github\cse_687\project_3\x64\debug\main.obj
c:\users\joann\documents\github\cse_687\project_3\x64\debug\filemanager.obj
c:\users\joann\documents\github\cse_687\project_3\x64\debug\project_3.res
c:\users\joann\documents\github\cse_687\project_3\x64\debug\maplibrary.exp
c:\users\joann\documents\github\cse_687\project_3\x64\debug\reducelibrary.exp
c:\users\joann\documents\github\cse_687\project_3\x64\debug\maplibrary.pdb
c:\users\joann\documents\github\cse_687\project_3\x64\debug\project_3.pdb
c:\users\joann\documents\github\cse_687\project_3\x64\debug\reducelibrary.pdb
c:\users\joann\documents\github\cse_687\project_3\x64\debug\project_3.tlog\cl.command.1.tlog
c:\users\joann\documents\github\cse_687\project_3\x64\debug\project_3.tlog\cl.read.1.tlog
c:\users\joann\documents\github\cse_687\project_3\x64\debug\project_3.tlog\cl.write.1.tlog
c:\users\joann\documents\github\cse_687\project_3\x64\debug\project_3.tlog\link-cvtres.read.1.tlog
c:\users\joann\documents\github\cse_687\project_3\x64\debug\project_3.tlog\link-cvtres.write.1.tlog
c:\users\joann\documents\github\cse_687\project_3\x64\debug\project_3.tlog\link-rc.read.1.tlog
c:\users\joann\documents\github\cse_687\project_3\x64\debug\project_3.tlog\link-rc.write.1.tlog
c:\users\joann\documents\github\cse_687\project_3\x64\debug\project_3.tlog\link.18656-cvtres.read.1.tlog
c:\users\joann\documents\github\cse_687\project_3\x64\debug\project_3.tlog\link.18656-cvtres.write.1.tlog
c:\users\joann\documents\github\cse_687\project_3\x64\debug\project_3.tlog\link.18656-rc.read.1.tlog
c:\users\joann\documents\github\cse_687\project_3\x64\debug\project_3.tlog\link.18656-rc.write.1.tlog
c:\users\joann\documents\github\cse_687\project_3\x64\debug\project_3.tlog\link.18656.read.1.tlog
c:\users\joann\documents\github\cse_687\project_3\x64\debug\project_3.tlog\link.18656.read.2.tlog
c:\users\joann\documents\github\cse_687\project_3\x64\debug\project_3.tlog\link.18656.write.1.tlog
c:\users\joann\documents\github\cse_687\project_3\x64\debug\project_3.tlog\link.command.1.tlog
c:\users\joann\documents\github\cse_687\project_3\x64\debug\project_3.tlog\link.read.1.tlog
c:\users\joann\documents\github\cse_687\project_3\x64\debug\project_3.tlog\link.read.2.tlog
c:\users\joann\documents\github\cse_687\project_3\x64\debug\project_3.tlog\link.write.1.tlog
c:\users\joann\documents\github\cse_687\project_3\x64\debug\project_3.tlog\rc.command.1.tlog
c:\users\joann\documents\github\cse_687\project_3\x64\debug\project_3.tlog\rc.read.1.tlog
c:\users\joann\documents\github\cse_687\project_3\x64\debug\project_3.tlog\rc.write.1.tlog
