  FileManager.cpp
C:\Users\aurel\source\repos\CSE_687\Project_2\FileManager.cpp(20,2): error C2065: 'ifstream': undeclared identifier
C:\Users\aurel\source\repos\CSE_687\Project_2\FileManager.cpp(20,11): error C2146: syntax error: missing ';' before identifier 'opentxt'
C:\Users\aurel\source\repos\CSE_687\Project_2\FileManager.cpp(20,11): error C2065: 'opentxt': undeclared identifier
C:\Users\aurel\source\repos\CSE_687\Project_2\FileManager.cpp(22,3): error C2065: 'opentxt': undeclared identifier
C:\Users\aurel\source\repos\CSE_687\Project_2\FileManager.cpp(23,7): error C2065: 'opentxt': undeclared identifier
C:\Users\aurel\source\repos\CSE_687\Project_2\FileManager.cpp(24,19): error C2065: 'opentxt': undeclared identifier
C:\Users\aurel\source\repos\CSE_687\Project_2\FileManager.cpp(28,3): error C2065: 'opentxt': undeclared identifier
C:\Users\aurel\source\repos\CSE_687\Project_2\FileManager.cpp(35,2): error C2065: 'fstream': undeclared identifier
C:\Users\aurel\source\repos\CSE_687\Project_2\FileManager.cpp(35,10): error C2146: syntax error: missing ';' before identifier 'tempfile'
C:\Users\aurel\source\repos\CSE_687\Project_2\FileManager.cpp(35,10): error C2065: 'tempfile': undeclared identifier
C:\Users\aurel\source\repos\CSE_687\Project_2\FileManager.cpp(37,2): error C2065: 'tempfile': undeclared identifier
C:\Users\aurel\source\repos\CSE_687\Project_2\FileManager.cpp(38,7): error C2065: 'tempfile': undeclared identifier
C:\Users\aurel\source\repos\CSE_687\Project_2\FileManager.cpp(39,3): error C2065: 'cout': undeclared identifier
C:\Users\aurel\source\repos\CSE_687\Project_2\FileManager.cpp(39,34): error C2065: 'endl': undeclared identifier
C:\Users\aurel\source\repos\CSE_687\Project_2\FileManager.cpp(42,2): error C2065: 'tempfile': undeclared identifier
C:\Users\aurel\source\repos\CSE_687\Project_2\FileManager.cpp(47,2): error C2065: 'fstream': undeclared identifier
C:\Users\aurel\source\repos\CSE_687\Project_2\FileManager.cpp(47,10): error C2146: syntax error: missing ';' before identifier 'tempfile'
C:\Users\aurel\source\repos\CSE_687\Project_2\FileManager.cpp(47,10): error C2065: 'tempfile': undeclared identifier
C:\Users\aurel\source\repos\CSE_687\Project_2\FileManager.cpp(49,2): error C2065: 'tempfile': undeclared identifier
C:\Users\aurel\source\repos\CSE_687\Project_2\FileManager.cpp(50,2): error C2065: 'tempfile': undeclared identifier
C:\Users\aurel\source\repos\CSE_687\Project_2\FileManager.cpp(50,30): error C2065: 'endl': undeclared identifier
C:\Users\aurel\source\repos\CSE_687\Project_2\FileManager.cpp(51,2): error C2065: 'tempfile': undeclared identifier
C:\Users\aurel\source\repos\CSE_687\Project_2\FileManager.cpp(56,2): error C2065: 'fstream': undeclared identifier
C:\Users\aurel\source\repos\CSE_687\Project_2\FileManager.cpp(56,10): error C2146: syntax error: missing ';' before identifier 'tempfile'
C:\Users\aurel\source\repos\CSE_687\Project_2\FileManager.cpp(56,10): error C2065: 'tempfile': undeclared identifier
C:\Users\aurel\source\repos\CSE_687\Project_2\FileManager.cpp(58,2): error C2065: 'tempfile': undeclared identifier
C:\Users\aurel\source\repos\CSE_687\Project_2\FileManager.cpp(59,7): error C2065: 'tempfile': undeclared identifier
C:\Users\aurel\source\repos\CSE_687\Project_2\FileManager.cpp(60,3): error C2065: 'cout': undeclared identifier
C:\Users\aurel\source\repos\CSE_687\Project_2\FileManager.cpp(60,34): error C2065: 'endl': undeclared identifier
C:\Users\aurel\source\repos\CSE_687\Project_2\FileManager.cpp(61,2): error C2065: 'tempfile': undeclared identifier
C:\Users\aurel\source\repos\CSE_687\Project_2\FileManager.cpp(68,2): error C2065: 'ifstream': undeclared identifier
C:\Users\aurel\source\repos\CSE_687\Project_2\FileManager.cpp(68,11): error C2146: syntax error: missing ';' before identifier 'tempfile'
C:\Users\aurel\source\repos\CSE_687\Project_2\FileManager.cpp(68,11): error C2065: 'tempfile': undeclared identifier
C:\Users\aurel\source\repos\CSE_687\Project_2\FileManager.cpp(70,2): error C2065: 'tempfile': undeclared identifier
C:\Users\aurel\source\repos\CSE_687\Project_2\FileManager.cpp(71,7): error C2065: 'tempfile': undeclared identifier
C:\Users\aurel\source\repos\CSE_687\Project_2\FileManager.cpp(72,3): error C2065: 'cout': undeclared identifier
C:\Users\aurel\source\repos\CSE_687\Project_2\FileManager.cpp(72,32): error C2065: 'endl': undeclared identifier
C:\Users\aurel\source\repos\CSE_687\Project_2\FileManager.cpp(75,17): error C2065: 'tempfile': undeclared identifier
C:\Users\aurel\source\repos\CSE_687\Project_2\FileManager.cpp(79,2): error C2065: 'tempfile': undeclared identifier
C:\Users\aurel\source\repos\CSE_687\Project_2\FileManager.cpp(85,2): error C2065: 'fstream': undeclared identifier
C:\Users\aurel\source\repos\CSE_687\Project_2\FileManager.cpp(85,10): error C2146: syntax error: missing ';' before identifier 'tempfile'
C:\Users\aurel\source\repos\CSE_687\Project_2\FileManager.cpp(85,10): error C2065: 'tempfile': undeclared identifier
C:\Users\aurel\source\repos\CSE_687\Project_2\FileManager.cpp(87,2): error C2065: 'tempfile': undeclared identifier
C:\Users\aurel\source\repos\CSE_687\Project_2\FileManager.cpp(88,2): error C2065: 'tempfile': undeclared identifier
C:\Users\aurel\source\repos\CSE_687\Project_2\FileManager.cpp(88,30): error C2065: 'endl': undeclared identifier
C:\Users\aurel\source\repos\CSE_687\Project_2\FileManager.cpp(89,2): error C2065: 'tempfile': undeclared identifier
C:\Users\aurel\source\repos\CSE_687\Project_2\FileManager.cpp(94,2): error C2065: 'fstream': undeclared identifier
C:\Users\aurel\source\repos\CSE_687\Project_2\FileManager.cpp(94,10): error C2146: syntax error: missing ';' before identifier 'outputfile'
C:\Users\aurel\source\repos\CSE_687\Project_2\FileManager.cpp(94,10): error C2065: 'outputfile': undeclared identifier
C:\Users\aurel\source\repos\CSE_687\Project_2\FileManager.cpp(96,2): error C2065: 'outputfile': undeclared identifier
C:\Users\aurel\source\repos\CSE_687\Project_2\FileManager.cpp(97,7): error C2065: 'outputfile': undeclared identifier
C:\Users\aurel\source\repos\CSE_687\Project_2\FileManager.cpp(98,3): error C2065: 'cout': undeclared identifier
C:\Users\aurel\source\repos\CSE_687\Project_2\FileManager.cpp(98,34): error C2065: 'endl': undeclared identifier
C:\Users\aurel\source\repos\CSE_687\Project_2\FileManager.cpp(99,2): error C2065: 'outputfile': undeclared identifier
C:\Users\aurel\source\repos\CSE_687\Project_2\FileManager.cpp(106,2): error C2065: 'ifstream': undeclared identifier
C:\Users\aurel\source\repos\CSE_687\Project_2\FileManager.cpp(106,11): error C2146: syntax error: missing ';' before identifier 'sortedfile'
C:\Users\aurel\source\repos\CSE_687\Project_2\FileManager.cpp(106,11): error C2065: 'sortedfile': undeclared identifier
C:\Users\aurel\source\repos\CSE_687\Project_2\FileManager.cpp(108,2): error C2065: 'sortedfile': undeclared identifier
C:\Users\aurel\source\repos\CSE_687\Project_2\FileManager.cpp(109,7): error C2065: 'sortedfile': undeclared identifier
C:\Users\aurel\source\repos\CSE_687\Project_2\FileManager.cpp(110,3): error C2065: 'cout': undeclared identifier
C:\Users\aurel\source\repos\CSE_687\Project_2\FileManager.cpp(110,32): error C2065: 'endl': undeclared identifier
C:\Users\aurel\source\repos\CSE_687\Project_2\FileManager.cpp(113,17): error C2065: 'sortedfile': undeclared identifier
C:\Users\aurel\source\repos\CSE_687\Project_2\FileManager.cpp(117,2): error C2065: 'sortedfile': undeclared identifier
C:\Users\aurel\source\repos\CSE_687\Project_2\FileManager.cpp(123,2): error C2065: 'fstream': undeclared identifier
C:\Users\aurel\source\repos\CSE_687\Project_2\FileManager.cpp(123,10): error C2146: syntax error: missing ';' before identifier 'outputfile'
C:\Users\aurel\source\repos\CSE_687\Project_2\FileManager.cpp(123,10): error C2065: 'outputfile': undeclared identifier
C:\Users\aurel\source\repos\CSE_687\Project_2\FileManager.cpp(125,2): error C2065: 'outputfile': undeclared identifier
C:\Users\aurel\source\repos\CSE_687\Project_2\FileManager.cpp(126,2): error C2065: 'outputfile': undeclared identifier
C:\Users\aurel\source\repos\CSE_687\Project_2\FileManager.cpp(126,32): error C2065: 'endl': undeclared identifier
C:\Users\aurel\source\repos\CSE_687\Project_2\FileManager.cpp(127,2): error C2065: 'outputfile': undeclared identifier
  Main.cpp
  Mapper.cpp
c1xx : fatal error C1083: Cannot open source file: 'Mapper.cpp': No such file or directory
  Reducer.cpp
c1xx : fatal error C1083: Cannot open source file: 'Reducer.cpp': No such file or directory
  Sorter.cpp
  Workflow.cpp
C:\Users\aurel\source\repos\CSE_687\Project_2\Workflow.cpp(60,36): error C2198: 'funcreduce': too few arguments for call
  Generating Code...
