c:\users\joann\documents\github\cse_687\project_2\x64\debug\vc143.pdb
c:\users\joann\documents\github\cse_687\project_2\x64\debug\vc143.idb
c:\users\joann\documents\github\cse_687\project_2\x64\debug\workflow.obj
c:\users\joann\documents\github\cse_687\project_2\x64\debug\sorter.obj
c:\users\joann\documents\github\cse_687\project_2\x64\debug\main.obj
c:\users\joann\documents\github\cse_687\project_2\x64\debug\filemanager.obj
c:\users\joann\documents\github\cse_687\project_2\x64\debug\project_2.exe
c:\users\joann\documents\github\cse_687\project_2\x64\debug\project_2.ilk
c:\users\joann\documents\github\cse_687\project_2\x64\debug\project_2.pdb
c:\users\joann\documents\github\cse_687\project_2\x64\debug\project 2 - unit testing.ilk
c:\users\joann\documents\github\cse_687\project_2\x64\debug\maplibrary.exp
c:\users\joann\documents\github\cse_687\project_2\x64\debug\reducelibrary.exp
c:\users\joann\documents\github\cse_687\project_2\x64\debug\gtest.pdb
c:\users\joann\documents\github\cse_687\project_2\x64\debug\gtest_main.pdb
c:\users\joann\documents\github\cse_687\project_2\x64\debug\maplibrary.pdb
c:\users\joann\documents\github\cse_687\project_2\x64\debug\project 2 - unit testing.pdb
c:\users\joann\documents\github\cse_687\project_2\x64\debug\reducelibrary.pdb
c:\users\joann\documents\github\cse_687\project_2\x64\debug\project_2.tlog\cl.command.1.tlog
c:\users\joann\documents\github\cse_687\project_2\x64\debug\project_2.tlog\cl.read.1.tlog
c:\users\joann\documents\github\cse_687\project_2\x64\debug\project_2.tlog\cl.write.1.tlog
c:\users\joann\documents\github\cse_687\project_2\x64\debug\project_2.tlog\link.command.1.tlog
c:\users\joann\documents\github\cse_687\project_2\x64\debug\project_2.tlog\link.read.1.tlog
c:\users\joann\documents\github\cse_687\project_2\x64\debug\project_2.tlog\link.write.1.tlog
